<?xml version="1.0" encoding="UTF-8"?>
<testng-results skipped="0" failed="0" total="1" passed="1">
  <reporter-output>
  </reporter-output>
  <suite name="AppleTest" duration-ms="15" started-at="2018-12-15T07:59:28Z" finished-at="2018-12-15T07:59:28Z">
    <groups>
    </groups>
    <test name="Command line test" duration-ms="15" started-at="2018-12-15T07:59:28Z" finished-at="2018-12-15T07:59:28Z">
      <class name="AppleTest">
        <test-method status="PASS" signature="testEqual()[pri:0, instance:AppleTest@2c8d66b2]" name="testEqual" duration-ms="8" started-at="2018-12-15T15:59:28Z" finished-at="2018-12-15T15:59:28Z">
          <reporter-output>
          </reporter-output>
        </test-method> <!-- testEqual -->
      </class> <!-- AppleTest -->
    </test> <!-- Command line test -->
  </suite> <!-- AppleTest -->
</testng-results>
